2025-09-12 17:53:26,803 INFO Post-processing /tmp/pytest-of-gctrindade/pytest-0/test_translate_all_srt_files0/mini/pvp/a.srt -> /tmp/cleaned_srt_6rmg573e/pvp/a.srt
2025-09-12 17:53:26,803 INFO Translating /tmp/cleaned_srt_6rmg573e/pvp/a.srt -> /tmp/pytest-of-gctrindade/pytest-0/test_translate_all_srt_files0/out/pvp/en_a.srt
2025-09-12 17:53:26,838 INFO Post-processing /tmp/pytest-of-gctrindade/pytest-0/test_translate_all_srt_files0/mini/c.srt -> /tmp/cleaned_srt_6rmg573e/c.srt
2025-09-12 17:53:26,838 INFO Translating /tmp/cleaned_srt_6rmg573e/c.srt -> /tmp/pytest-of-gctrindade/pytest-0/test_translate_all_srt_files0/out/en_c.srt
2025-09-12 17:54:49,018 INFO Post-processing /tmp/pytest-of-gctrindade/pytest-1/test_translate_all_srt_files0/mini/pvp/a.srt -> /tmp/cleaned_srt_u3junafb/pvp/a.srt
2025-09-12 17:54:49,019 INFO Translating /tmp/cleaned_srt_u3junafb/pvp/a.srt -> /tmp/pytest-of-gctrindade/pytest-1/test_translate_all_srt_files0/out/pvp/en_a.srt
2025-09-12 17:54:49,019 INFO Post-processing /tmp/pytest-of-gctrindade/pytest-1/test_translate_all_srt_files0/mini/c.srt -> /tmp/cleaned_srt_u3junafb/c.srt
2025-09-12 17:54:49,019 INFO Translating /tmp/cleaned_srt_u3junafb/c.srt -> /tmp/pytest-of-gctrindade/pytest-1/test_translate_all_srt_files0/out/en_c.srt
2025-09-12 21:05:09,983 INFO Post-processing /tmp/pytest-of-gctrindade/pytest-2/test_translate_all_srt_files0/mini/pvp/a.srt -> /tmp/cleaned_srt_i227fdih/pvp/a.srt
2025-09-12 21:05:09,983 INFO Translating /tmp/cleaned_srt_i227fdih/pvp/a.srt -> /tmp/pytest-of-gctrindade/pytest-2/test_translate_all_srt_files0/out/pvp/en_a.srt
2025-09-12 21:05:09,983 INFO Post-processing /tmp/pytest-of-gctrindade/pytest-2/test_translate_all_srt_files0/mini/c.srt -> /tmp/cleaned_srt_i227fdih/c.srt
2025-09-12 21:05:09,983 INFO Translating /tmp/cleaned_srt_i227fdih/c.srt -> /tmp/pytest-of-gctrindade/pytest-2/test_translate_all_srt_files0/out/en_c.srt
2025-09-12 21:06:20,369 INFO Post-processing /tmp/pytest-of-gctrindade/pytest-3/test_translate_all_srt_files0/mini/pvp/a.srt -> /tmp/cleaned_srt_hb7wjo6j/pvp/a.srt
2025-09-12 21:06:20,369 INFO Translating /tmp/cleaned_srt_hb7wjo6j/pvp/a.srt -> /tmp/pytest-of-gctrindade/pytest-3/test_translate_all_srt_files0/out/pvp/en_a.srt
2025-09-12 21:06:20,369 INFO Post-processing /tmp/pytest-of-gctrindade/pytest-3/test_translate_all_srt_files0/mini/c.srt -> /tmp/cleaned_srt_hb7wjo6j/c.srt
2025-09-12 21:06:20,369 INFO Translating /tmp/cleaned_srt_hb7wjo6j/c.srt -> /tmp/pytest-of-gctrindade/pytest-3/test_translate_all_srt_files0/out/en_c.srt
2025-09-12 21:07:32,672 INFO Post-processing /tmp/pytest-of-gctrindade/pytest-4/test_translate_all_srt_files0/mini/pvp/a.srt -> /tmp/cleaned_srt_9w2ue_a9/pvp/a.srt
2025-09-12 21:07:32,673 INFO Translating /tmp/cleaned_srt_9w2ue_a9/pvp/a.srt -> /tmp/pytest-of-gctrindade/pytest-4/test_translate_all_srt_files0/out/pvp/en_a.srt
2025-09-12 21:07:32,673 INFO Post-processing /tmp/pytest-of-gctrindade/pytest-4/test_translate_all_srt_files0/mini/c.srt -> /tmp/cleaned_srt_9w2ue_a9/c.srt
2025-09-12 21:07:32,673 INFO Translating /tmp/cleaned_srt_9w2ue_a9/c.srt -> /tmp/pytest-of-gctrindade/pytest-4/test_translate_all_srt_files0/out/en_c.srt
2025-09-12 21:08:28,487 INFO Post-processing /tmp/pytest-of-gctrindade/pytest-5/test_translate_all_srt_files0/mini/pvp/a.srt -> /tmp/cleaned_srt_yualjbko/pvp/a.srt
2025-09-12 21:08:28,487 INFO Translating /tmp/cleaned_srt_yualjbko/pvp/a.srt -> /tmp/pytest-of-gctrindade/pytest-5/test_translate_all_srt_files0/out/pvp/en_a.srt
2025-09-12 21:08:28,487 INFO Post-processing /tmp/pytest-of-gctrindade/pytest-5/test_translate_all_srt_files0/mini/c.srt -> /tmp/cleaned_srt_yualjbko/c.srt
2025-09-12 21:08:28,487 INFO Translating /tmp/cleaned_srt_yualjbko/c.srt -> /tmp/pytest-of-gctrindade/pytest-5/test_translate_all_srt_files0/out/en_c.srt
2025-09-12 21:34:07,663 INFO Post-processing /tmp/pytest-of-gctrindade/pytest-6/test_translate_all_srt_files0/mini/pvp/a.srt -> /tmp/cleaned_srt_x5yc6yo1/pvp/a.srt
2025-09-12 21:34:07,663 INFO Translating /tmp/cleaned_srt_x5yc6yo1/pvp/a.srt -> /tmp/pytest-of-gctrindade/pytest-6/test_translate_all_srt_files0/out/pvp/en_a.srt
2025-09-12 21:34:07,664 INFO Post-processing /tmp/pytest-of-gctrindade/pytest-6/test_translate_all_srt_files0/mini/c.srt -> /tmp/cleaned_srt_x5yc6yo1/c.srt
2025-09-12 21:34:07,664 INFO Translating /tmp/cleaned_srt_x5yc6yo1/c.srt -> /tmp/pytest-of-gctrindade/pytest-6/test_translate_all_srt_files0/out/en_c.srt
2025-09-13 03:07:09,329 INFO Post-processing /tmp/pytest-of-gctrindade/pytest-8/test_translate_all_srt_files0/mini/pvp/a.srt -> /tmp/cleaned_srt_2uptt4xw/pvp/a.srt
2025-09-13 03:07:09,329 INFO Translating /tmp/cleaned_srt_2uptt4xw/pvp/a.srt -> /tmp/pytest-of-gctrindade/pytest-8/test_translate_all_srt_files0/out/pvp/en_a.srt
2025-09-13 03:07:09,330 INFO Post-processing /tmp/pytest-of-gctrindade/pytest-8/test_translate_all_srt_files0/mini/c.srt -> /tmp/cleaned_srt_2uptt4xw/c.srt
2025-09-13 03:07:09,330 INFO Translating /tmp/cleaned_srt_2uptt4xw/c.srt -> /tmp/pytest-of-gctrindade/pytest-8/test_translate_all_srt_files0/out/en_c.srt
2025-09-13 03:07:29,553 INFO Post-processing /tmp/pytest-of-gctrindade/pytest-9/test_translate_all_srt_files0/mini/pvp/a.srt -> /tmp/cleaned_srt_6uumqqdo/pvp/a.srt
2025-09-13 03:07:29,553 INFO Translating /tmp/cleaned_srt_6uumqqdo/pvp/a.srt -> /tmp/pytest-of-gctrindade/pytest-9/test_translate_all_srt_files0/out/pvp/en_a.srt
2025-09-13 03:07:29,554 INFO Post-processing /tmp/pytest-of-gctrindade/pytest-9/test_translate_all_srt_files0/mini/c.srt -> /tmp/cleaned_srt_6uumqqdo/c.srt
2025-09-13 03:07:29,554 INFO Translating /tmp/cleaned_srt_6uumqqdo/c.srt -> /tmp/pytest-of-gctrindade/pytest-9/test_translate_all_srt_files0/out/en_c.srt
2025-09-13 03:07:46,907 INFO Post-processing /tmp/pytest-of-gctrindade/pytest-10/test_translate_all_srt_files0/mini/pvp/a.srt -> /tmp/cleaned_srt_p1bm5wpj/pvp/a.srt
2025-09-13 03:07:46,907 INFO Translating /tmp/cleaned_srt_p1bm5wpj/pvp/a.srt -> /tmp/pytest-of-gctrindade/pytest-10/test_translate_all_srt_files0/out/pvp/en_a.srt
2025-09-13 03:07:46,907 INFO Post-processing /tmp/pytest-of-gctrindade/pytest-10/test_translate_all_srt_files0/mini/c.srt -> /tmp/cleaned_srt_p1bm5wpj/c.srt
2025-09-13 03:07:46,907 INFO Translating /tmp/cleaned_srt_p1bm5wpj/c.srt -> /tmp/pytest-of-gctrindade/pytest-10/test_translate_all_srt_files0/out/en_c.srt
2025-09-13 03:08:17,371 INFO Post-processing /tmp/pytest-of-gctrindade/pytest-11/test_translate_all_srt_files0/mini/pvp/a.srt -> /tmp/cleaned_srt_1jhh4b1y/pvp/a.srt
2025-09-13 03:08:17,371 INFO Translating /tmp/cleaned_srt_1jhh4b1y/pvp/a.srt -> /tmp/pytest-of-gctrindade/pytest-11/test_translate_all_srt_files0/out/pvp/en_a.srt
2025-09-13 03:08:17,371 INFO Post-processing /tmp/pytest-of-gctrindade/pytest-11/test_translate_all_srt_files0/mini/c.srt -> /tmp/cleaned_srt_1jhh4b1y/c.srt
2025-09-13 03:08:17,372 INFO Translating /tmp/cleaned_srt_1jhh4b1y/c.srt -> /tmp/pytest-of-gctrindade/pytest-11/test_translate_all_srt_files0/out/en_c.srt
2025-09-13 03:08:39,516 INFO Post-processing /tmp/pytest-of-gctrindade/pytest-13/test_translate_all_srt_files0/mini/pvp/a.srt -> /tmp/cleaned_srt_we0pep7i/pvp/a.srt
2025-09-13 03:08:39,516 INFO Translating /tmp/cleaned_srt_we0pep7i/pvp/a.srt -> /tmp/pytest-of-gctrindade/pytest-13/test_translate_all_srt_files0/out/pvp/en_a.srt
2025-09-13 03:08:39,516 INFO Post-processing /tmp/pytest-of-gctrindade/pytest-13/test_translate_all_srt_files0/mini/c.srt -> /tmp/cleaned_srt_we0pep7i/c.srt
2025-09-13 03:08:39,517 INFO Translating /tmp/cleaned_srt_we0pep7i/c.srt -> /tmp/pytest-of-gctrindade/pytest-13/test_translate_all_srt_files0/out/en_c.srt
2025-09-13 03:09:39,902 INFO Post-processing /tmp/pytest-of-gctrindade/pytest-14/test_translate_all_srt_files0/mini/pvp/a.srt -> /tmp/cleaned_srt_tnr9uu2j/pvp/a.srt
2025-09-13 03:09:39,902 INFO Translating /tmp/cleaned_srt_tnr9uu2j/pvp/a.srt -> /tmp/pytest-of-gctrindade/pytest-14/test_translate_all_srt_files0/out/pvp/en_a.srt
2025-09-13 03:09:39,903 INFO Post-processing /tmp/pytest-of-gctrindade/pytest-14/test_translate_all_srt_files0/mini/c.srt -> /tmp/cleaned_srt_tnr9uu2j/c.srt
2025-09-13 03:09:39,903 INFO Translating /tmp/cleaned_srt_tnr9uu2j/c.srt -> /tmp/pytest-of-gctrindade/pytest-14/test_translate_all_srt_files0/out/en_c.srt
2025-09-13 03:11:43,709 INFO Post-processing /tmp/pytest-of-gctrindade/pytest-15/test_translate_all_srt_files0/mini/pvp/a.srt -> /tmp/cleaned_srt_ux15xyb2/pvp/a.srt
2025-09-13 03:11:43,709 INFO Translating /tmp/cleaned_srt_ux15xyb2/pvp/a.srt -> /tmp/pytest-of-gctrindade/pytest-15/test_translate_all_srt_files0/out/pvp/en_a.srt
2025-09-13 03:11:43,710 INFO Post-processing /tmp/pytest-of-gctrindade/pytest-15/test_translate_all_srt_files0/mini/c.srt -> /tmp/cleaned_srt_ux15xyb2/c.srt
2025-09-13 03:11:43,710 INFO Translating /tmp/cleaned_srt_ux15xyb2/c.srt -> /tmp/pytest-of-gctrindade/pytest-15/test_translate_all_srt_files0/out/en_c.srt
2025-09-13 03:31:31,563 INFO Post-processing /tmp/pytest-of-gctrindade/pytest-17/test_translate_all_srt_files0/mini/pvp/a.srt -> /tmp/cleaned_srt_ndwstypz/pvp/a.srt
2025-09-13 03:31:31,564 INFO Translating /tmp/cleaned_srt_ndwstypz/pvp/a.srt -> /tmp/pytest-of-gctrindade/pytest-17/test_translate_all_srt_files0/out/pvp/en_a.srt
2025-09-13 03:31:31,564 INFO Post-processing /tmp/pytest-of-gctrindade/pytest-17/test_translate_all_srt_files0/mini/c.srt -> /tmp/cleaned_srt_ndwstypz/c.srt
2025-09-13 03:31:31,564 INFO Translating /tmp/cleaned_srt_ndwstypz/c.srt -> /tmp/pytest-of-gctrindade/pytest-17/test_translate_all_srt_files0/out/en_c.srt
2025-09-13 04:02:23,340 INFO Post-processing /tmp/pytest-of-gctrindade/pytest-18/test_translate_all_srt_files0/mini/pvp/a.srt -> /tmp/cleaned_srt_x_8htpdm/pvp/a.srt
2025-09-13 04:02:23,341 INFO Translating /tmp/cleaned_srt_x_8htpdm/pvp/a.srt -> /tmp/pytest-of-gctrindade/pytest-18/test_translate_all_srt_files0/out/pvp/en_a.srt
2025-09-13 04:02:23,341 INFO Post-processing /tmp/pytest-of-gctrindade/pytest-18/test_translate_all_srt_files0/mini/c.srt -> /tmp/cleaned_srt_x_8htpdm/c.srt
2025-09-13 04:02:23,341 INFO Translating /tmp/cleaned_srt_x_8htpdm/c.srt -> /tmp/pytest-of-gctrindade/pytest-18/test_translate_all_srt_files0/out/en_c.srt
2025-09-13 04:08:32,049 INFO Post-processing /tmp/pytest-of-gctrindade/pytest-19/test_translate_all_srt_files0/mini/pvp/a.srt -> /tmp/cleaned_srt_5sn0g59v/pvp/a.srt
2025-09-13 04:08:32,049 INFO Translating /tmp/cleaned_srt_5sn0g59v/pvp/a.srt -> /tmp/pytest-of-gctrindade/pytest-19/test_translate_all_srt_files0/out/pvp/en_a.srt
2025-09-13 04:08:32,050 INFO Post-processing /tmp/pytest-of-gctrindade/pytest-19/test_translate_all_srt_files0/mini/c.srt -> /tmp/cleaned_srt_5sn0g59v/c.srt
2025-09-13 04:08:32,050 INFO Translating /tmp/cleaned_srt_5sn0g59v/c.srt -> /tmp/pytest-of-gctrindade/pytest-19/test_translate_all_srt_files0/out/en_c.srt
2025-09-13 16:06:22,350 INFO Post-processing /tmp/pytest-of-gctrindade/pytest-20/test_translate_all_srt_files0/mini/pvp/a.srt -> /tmp/cleaned_srt_t06hjcos/pvp/a.srt
2025-09-13 16:06:22,360 INFO Translating /tmp/cleaned_srt_t06hjcos/pvp/a.srt -> /tmp/pytest-of-gctrindade/pytest-20/test_translate_all_srt_files0/out/pvp/en_a.srt
2025-09-13 16:06:22,360 INFO Post-processing /tmp/pytest-of-gctrindade/pytest-20/test_translate_all_srt_files0/mini/c.srt -> /tmp/cleaned_srt_t06hjcos/c.srt
2025-09-13 16:06:22,360 INFO Translating /tmp/cleaned_srt_t06hjcos/c.srt -> /tmp/pytest-of-gctrindade/pytest-20/test_translate_all_srt_files0/out/en_c.srt
2025-09-13 16:10:58,106 INFO Post-processing /tmp/pytest-of-gctrindade/pytest-21/test_translate_all_srt_files0/mini/pvp/a.srt -> /tmp/cleaned_srt_p58_mjki/pvp/a.srt
2025-09-13 16:10:58,106 INFO Translating /tmp/cleaned_srt_p58_mjki/pvp/a.srt -> /tmp/pytest-of-gctrindade/pytest-21/test_translate_all_srt_files0/out/pvp/en_a.srt
2025-09-13 16:10:58,106 INFO Post-processing /tmp/pytest-of-gctrindade/pytest-21/test_translate_all_srt_files0/mini/c.srt -> /tmp/cleaned_srt_p58_mjki/c.srt
2025-09-13 16:10:58,106 INFO Translating /tmp/cleaned_srt_p58_mjki/c.srt -> /tmp/pytest-of-gctrindade/pytest-21/test_translate_all_srt_files0/out/en_c.srt
2025-09-13 21:00:56,951 INFO Post-processing /tmp/pytest-of-gctrindade/pytest-22/test_translate_all_srt_files0/mini/pvp/a.srt -> /tmp/cleaned_srt_56svj91s/pvp/a.srt
2025-09-13 21:00:56,951 INFO Translating /tmp/cleaned_srt_56svj91s/pvp/a.srt -> /tmp/pytest-of-gctrindade/pytest-22/test_translate_all_srt_files0/out/pvp/en_a.srt
2025-09-13 21:00:56,951 INFO Post-processing /tmp/pytest-of-gctrindade/pytest-22/test_translate_all_srt_files0/mini/c.srt -> /tmp/cleaned_srt_56svj91s/c.srt
2025-09-13 21:00:56,951 INFO Translating /tmp/cleaned_srt_56svj91s/c.srt -> /tmp/pytest-of-gctrindade/pytest-22/test_translate_all_srt_files0/out/en_c.srt
